<?xml version="1.0" encoding="UTF-8"?>
<!-- Generated by org.testng.reporters.JUnitReportReporter -->
<testsuite skipped="0" hostname="DESKTOP-1NB2K1E" name="fcs10Pages.loginPage" tests="1" failures="0" timestamp="2020-01-31T23:38:03 EST" time="0.536" errors="0">
  <testcase name="getaquote" time="0.536" classname="fcs10Pages.loginPage"/>
</testsuite> <!-- fcs10Pages.loginPage -->
