<?xml version="1.0" encoding="UTF-8"?>
<!-- Generated by org.testng.reporters.JUnitReportReporter -->
<testsuite skipped="0" hostname="DESKTOP-1NB2K1E" name="guru99Project.testloginPage" tests="2" failures="0" timestamp="2020-02-10T23:50:01 EST" time="21.932" errors="0">
  <testcase name="testLoginpositive" time="10.744" classname="guru99Project.testloginPage"/>
  <testcase name="testLoginnegative" time="11.188" classname="guru99Project.testloginPage"/>
</testsuite> <!-- guru99Project.testloginPage -->
