<?xml version="1.0" encoding="UTF-8"?>
<!-- Generated by org.testng.reporters.JUnitReportReporter -->
<testsuite skipped="0" hostname="DESKTOP-1NB2K1E" name="guru99Pages.loginPage" tests="2" failures="0" timestamp="2020-02-01T00:44:10 EST" time="21.748" errors="0">
  <testcase name="positiveLogin" time="10.676" classname="guru99Pages.loginPage"/>
  <testcase name="negativeLogin" time="11.072" classname="guru99Pages.loginPage"/>
</testsuite> <!-- guru99Pages.loginPage -->
