<?xml version="1.0" encoding="UTF-8"?>
<!-- Generated by org.testng.reporters.JUnitReportReporter -->
<testsuite skipped="0" hostname="DESKTOP-1NB2K1E" name="guru99Pages.loginPage" tests="1" failures="0" timestamp="2020-02-09T19:27:48 EST" time="10.645" errors="0">
  <testcase name="positiveLogin" time="10.645" classname="guru99Pages.loginPage"/>
</testsuite> <!-- guru99Pages.loginPage -->
