<?xml version="1.0" encoding="UTF-8"?>
<!-- Generated by org.testng.reporters.JUnitReportReporter -->
<testsuite skipped="0" hostname="DESKTOP-1NB2K1E" name="guru99Project.testloginPage" tests="2" failures="0" timestamp="2020-02-11T20:32:33 EST" time="21.956" errors="0">
  <testcase name="testLoginpositive" time="10.870" classname="guru99Project.testloginPage"/>
  <testcase name="testLoginnegative" time="11.086" classname="guru99Project.testloginPage"/>
</testsuite> <!-- guru99Project.testloginPage -->
